-- The C compiler identification is GNU 9.4.0
-- The CXX compiler identification is GNU 9.4.0
-- Check for working C compiler: /usr/bin/cc
-- Check for working C compiler: /usr/bin/cc -- works
-- Detecting C compiler ABI info
-- Detecting C compiler ABI info - done
-- Detecting C compile features
-- Detecting C compile features - done
-- Check for working CXX compiler: /usr/bin/c++
-- Check for working CXX compiler: /usr/bin/c++ -- works
-- Detecting CXX compiler ABI info
-- Detecting CXX compiler ABI info - done
-- Detecting CXX compile features
-- Detecting CXX compile features - done
-- This project has a top-level one called [some-application]
-- CMAKE_INSTALL_PREFIX was already set
Current value: /home/maciek/git/maciej/cmake-library-example/install
-- GETTING AVAILABLE PROPERTIES...
-- GETTING AVAILABLE PROPERTIES...DONE
-- ARGC=0
-- ARGN=
-- ARGV=
-- CMAKE_ADDR2LINE=/usr/bin/addr2line
-- CMAKE_AR=/usr/bin/ar
-- CMAKE_AR=/usr/bin/ar
-- CMAKE_AUTOGEN_ORIGIN_DEPENDS=ON
-- CMAKE_AUTOMOC_COMPILER_PREDEFINES=ON
-- CMAKE_AUTOMOC_MACRO_NAMES=Q_OBJECT;Q_GADGET;Q_NAMESPACE
-- CMAKE_AUTOMOC_PATH_PREFIX=ON
-- CMAKE_BASE_NAME=g++
-- CMAKE_BINARY_DIR=/home/maciek/git/maciej/cmake-library-example/internal-project/build
-- CMAKE_BUILD_TOOL=/usr/bin/ninja
-- CMAKE_BUILD_TYPE=Debug
-- CMAKE_C11_COMPILE_FEATURES=c_std_11;c_static_assert
-- CMAKE_C11_EXTENSION_COMPILE_OPTION=-std=gnu11
-- CMAKE_C11_STANDARD_COMPILE_OPTION=-std=c11
-- CMAKE_C11_STANDARD__HAS_FULL_SUPPORT=ON
-- CMAKE_C90_COMPILE_FEATURES=c_std_90;c_function_prototypes
-- CMAKE_C90_EXTENSION_COMPILE_OPTION=-std=gnu90
-- CMAKE_C90_STANDARD_COMPILE_OPTION=-std=c90
-- CMAKE_C90_STANDARD__HAS_FULL_SUPPORT=ON
-- CMAKE_C99_COMPILE_FEATURES=c_std_99;c_restrict;c_variadic_macros
-- CMAKE_C99_EXTENSION_COMPILE_OPTION=-std=gnu99
-- CMAKE_C99_STANDARD_COMPILE_OPTION=-std=c99
-- CMAKE_C99_STANDARD__HAS_FULL_SUPPORT=ON
-- CMAKE_CFG_INTDIR=.
-- CMAKE_COMMAND=/usr/bin/cmake
-- CMAKE_COMPILER_IS_GNUCC=1
-- CMAKE_COMPILER_IS_GNUCXX=1
-- CMAKE_CPACK_COMMAND=/usr/bin/cpack
-- CMAKE_CROSSCOMPILING=FALSE
-- CMAKE_CTEST_COMMAND=/usr/bin/ctest
-- CMAKE_CURRENT_BINARY_DIR=/home/maciek/git/maciej/cmake-library-example/internal-project/build/libraries/SomeLibrary
-- CMAKE_CURRENT_LIST_DIR=/home/maciek/git/maciej/cmake-library-example/internal-project/libraries/SomeLibrary
-- CMAKE_CURRENT_LIST_FILE=/home/maciek/git/maciej/cmake-library-example/internal-project/libraries/SomeLibrary/CMakeLists.txt
-- CMAKE_CURRENT_SOURCE_DIR=/home/maciek/git/maciej/cmake-library-example/internal-project/libraries/SomeLibrary
-- CMAKE_CXX11_COMPILE_FEATURES=cxx_std_11;cxx_alias_templates;cxx_alignas;cxx_alignof;cxx_attributes;cxx_auto_type;cxx_constexpr;cxx_decltype;cxx_decltype_incomplete_return_types;cxx_default_function_template_args;cxx_defaulted_functions;cxx_defaulted_move_initializers;cxx_delegating_constructors;cxx_deleted_functions;cxx_enum_forward_declarations;cxx_explicit_conversions;cxx_extended_friend_declarations;cxx_extern_templates;cxx_final;cxx_func_identifier;cxx_generalized_initializers;cxx_inheriting_constructors;cxx_inline_namespaces;cxx_lambdas;cxx_local_type_template_args;cxx_long_long_type;cxx_noexcept;cxx_nonstatic_member_init;cxx_nullptr;cxx_override;cxx_range_for;cxx_raw_string_literals;cxx_reference_qualified_functions;cxx_right_angle_brackets;cxx_rvalue_references;cxx_sizeof_member;cxx_static_assert;cxx_strong_enums;cxx_thread_local;cxx_trailing_return_types;cxx_unicode_literals;cxx_uniform_initialization;cxx_unrestricted_unions;cxx_user_literals;cxx_variadic_macros;cxx_variadic_templates
-- CMAKE_CXX11_EXTENSION_COMPILE_OPTION=-std=gnu++11
-- CMAKE_CXX11_STANDARD_COMPILE_OPTION=-std=c++11
-- CMAKE_CXX11_STANDARD__HAS_FULL_SUPPORT=ON
-- CMAKE_CXX14_COMPILE_FEATURES=cxx_std_14;cxx_aggregate_default_initializers;cxx_attribute_deprecated;cxx_binary_literals;cxx_contextual_conversions;cxx_decltype_auto;cxx_digit_separators;cxx_generic_lambdas;cxx_lambda_init_captures;cxx_relaxed_constexpr;cxx_return_type_deduction;cxx_variable_templates
-- CMAKE_CXX14_EXTENSION_COMPILE_OPTION=-std=gnu++14
-- CMAKE_CXX14_STANDARD_COMPILE_OPTION=-std=c++14
-- CMAKE_CXX14_STANDARD__HAS_FULL_SUPPORT=ON
-- CMAKE_CXX17_COMPILE_FEATURES=cxx_std_17
-- CMAKE_CXX17_EXTENSION_COMPILE_OPTION=-std=gnu++17
-- CMAKE_CXX17_STANDARD_COMPILE_OPTION=-std=c++17
-- CMAKE_CXX20_COMPILE_FEATURES=cxx_std_20
-- CMAKE_CXX20_EXTENSION_COMPILE_OPTION=-std=gnu++2a
-- CMAKE_CXX20_STANDARD_COMPILE_OPTION=-std=c++2a
-- CMAKE_CXX98_COMPILE_FEATURES=cxx_std_98;cxx_template_template_parameters
-- CMAKE_CXX98_EXTENSION_COMPILE_OPTION=-std=gnu++98
-- CMAKE_CXX98_STANDARD_COMPILE_OPTION=-std=c++98
-- CMAKE_CXX98_STANDARD__HAS_FULL_SUPPORT=ON
-- CMAKE_CXX_ABI_COMPILED=TRUE
-- CMAKE_CXX_ARCHIVE_APPEND=<CMAKE_AR> q  <TARGET> <LINK_FLAGS> <OBJECTS>
-- CMAKE_CXX_ARCHIVE_APPEND_IPO="/usr/bin/gcc-ar-9" r <TARGET> <LINK_FLAGS> <OBJECTS>
-- CMAKE_CXX_ARCHIVE_CREATE=<CMAKE_AR> qc <TARGET> <LINK_FLAGS> <OBJECTS>
-- CMAKE_CXX_ARCHIVE_CREATE_IPO="/usr/bin/gcc-ar-9" cr <TARGET> <LINK_FLAGS> <OBJECTS>
-- CMAKE_CXX_ARCHIVE_FINISH=<CMAKE_RANLIB> <TARGET>
-- CMAKE_CXX_ARCHIVE_FINISH_IPO="/usr/bin/gcc-ranlib-9" <TARGET>
-- CMAKE_CXX_CL_SHOWINCLUDES_PREFIX=
-- CMAKE_CXX_COMPILER=/usr/bin/c++
-- CMAKE_CXX_COMPILER=/usr/bin/c++
-- CMAKE_CXX_COMPILER_ABI=ELF
-- CMAKE_CXX_COMPILER_AR=/usr/bin/gcc-ar-9
-- CMAKE_CXX_COMPILER_AR=/usr/bin/gcc-ar-9
-- CMAKE_CXX_COMPILER_ARCHITECTURE_ID=
-- CMAKE_CXX_COMPILER_ARG1=
-- CMAKE_CXX_COMPILER_ENV_VAR=CXX
-- CMAKE_CXX_COMPILER_FRONTEND_VARIANT=
-- CMAKE_CXX_COMPILER_ID=GNU
-- CMAKE_CXX_COMPILER_INIT=NOTFOUND
-- CMAKE_CXX_COMPILER_LIST=c++;CC;g++;aCC;cl;bcc;xlC;clang++
-- CMAKE_CXX_COMPILER_LOADED=1
-- CMAKE_CXX_COMPILER_NAMES=c++
-- CMAKE_CXX_COMPILER_PREDEFINES_COMMAND=/usr/bin/c++;-dM;-E;-c;/usr/share/cmake-3.16/Modules/CMakeCXXCompilerABI.cpp
-- CMAKE_CXX_COMPILER_PRODUCED_FILES=a.out
-- CMAKE_CXX_COMPILER_PRODUCED_OUTPUT=
-- CMAKE_CXX_COMPILER_RANLIB=/usr/bin/gcc-ranlib-9
-- CMAKE_CXX_COMPILER_RANLIB=/usr/bin/gcc-ranlib-9
-- CMAKE_CXX_COMPILER_VERSION=9.4.0
-- CMAKE_CXX_COMPILER_VERSION_INTERNAL=
-- CMAKE_CXX_COMPILER_WORKS=TRUE
-- CMAKE_CXX_COMPILER_WRAPPER=
-- CMAKE_CXX_COMPILE_FEATURES=cxx_std_98;cxx_template_template_parameters;cxx_std_11;cxx_alias_templates;cxx_alignas;cxx_alignof;cxx_attributes;cxx_auto_type;cxx_constexpr;cxx_decltype;cxx_decltype_incomplete_return_types;cxx_default_function_template_args;cxx_defaulted_functions;cxx_defaulted_move_initializers;cxx_delegating_constructors;cxx_deleted_functions;cxx_enum_forward_declarations;cxx_explicit_conversions;cxx_extended_friend_declarations;cxx_extern_templates;cxx_final;cxx_func_identifier;cxx_generalized_initializers;cxx_inheriting_constructors;cxx_inline_namespaces;cxx_lambdas;cxx_local_type_template_args;cxx_long_long_type;cxx_noexcept;cxx_nonstatic_member_init;cxx_nullptr;cxx_override;cxx_range_for;cxx_raw_string_literals;cxx_reference_qualified_functions;cxx_right_angle_brackets;cxx_rvalue_references;cxx_sizeof_member;cxx_static_assert;cxx_strong_enums;cxx_thread_local;cxx_trailing_return_types;cxx_unicode_literals;cxx_uniform_initialization;cxx_unrestricted_unions;cxx_user_literals;cxx_variadic_macros;cxx_variadic_templates;cxx_std_14;cxx_aggregate_default_initializers;cxx_attribute_deprecated;cxx_binary_literals;cxx_contextual_conversions;cxx_decltype_auto;cxx_digit_separators;cxx_generic_lambdas;cxx_lambda_init_captures;cxx_relaxed_constexpr;cxx_return_type_deduction;cxx_variable_templates;cxx_std_17;cxx_std_20
-- CMAKE_CXX_COMPILE_OBJECT=<CMAKE_CXX_COMPILER>  <DEFINES> <INCLUDES> <FLAGS> -o <OBJECT> -c <SOURCE>
-- CMAKE_CXX_COMPILE_OPTIONS_CREATE_PCH=-Winvalid-pch;-x;c++-header;-include;<PCH_HEADER>
-- CMAKE_CXX_COMPILE_OPTIONS_IPO=-flto;-fno-fat-lto-objects
-- CMAKE_CXX_COMPILE_OPTIONS_PIC=-fPIC
-- CMAKE_CXX_COMPILE_OPTIONS_PIE=-fPIE
-- CMAKE_CXX_COMPILE_OPTIONS_SYSROOT=--sysroot=
-- CMAKE_CXX_COMPILE_OPTIONS_USE_PCH=-Winvalid-pch;-include;<PCH_HEADER>
-- CMAKE_CXX_COMPILE_OPTIONS_VISIBILITY=-fvisibility=
-- CMAKE_CXX_COMPILE_OPTIONS_VISIBILITY_INLINES_HIDDEN=-fvisibility-inlines-hidden
-- CMAKE_CXX_CREATE_ASSEMBLY_SOURCE=<CMAKE_CXX_COMPILER> <DEFINES> <INCLUDES> <FLAGS> -S <SOURCE> -o <ASSEMBLY_SOURCE>
-- CMAKE_CXX_CREATE_PREPROCESSED_SOURCE=<CMAKE_CXX_COMPILER> <DEFINES> <INCLUDES> <FLAGS> -E <SOURCE> > <PREPROCESSED_SOURCE>
-- CMAKE_CXX_CREATE_SHARED_LIBRARY=<CMAKE_CXX_COMPILER> <CMAKE_SHARED_LIBRARY_CXX_FLAGS> <LANGUAGE_COMPILE_FLAGS> <LINK_FLAGS> <CMAKE_SHARED_LIBRARY_CREATE_CXX_FLAGS> <SONAME_FLAG><TARGET_SONAME> -o <TARGET> <OBJECTS> <LINK_LIBRARIES>
-- CMAKE_CXX_CREATE_SHARED_MODULE=<CMAKE_CXX_COMPILER> <CMAKE_SHARED_LIBRARY_CXX_FLAGS> <LANGUAGE_COMPILE_FLAGS> <LINK_FLAGS> <CMAKE_SHARED_LIBRARY_CREATE_CXX_FLAGS> <SONAME_FLAG><TARGET_SONAME> -o <TARGET> <OBJECTS> <LINK_LIBRARIES>
-- CMAKE_CXX_FLAGS=
-- CMAKE_CXX_FLAGS_DEBUG=-g
-- CMAKE_CXX_FLAGS_DEBUG_INIT= -g
-- CMAKE_CXX_FLAGS_INIT=  
-- CMAKE_CXX_FLAGS_MINSIZEREL=-Os -DNDEBUG
-- CMAKE_CXX_FLAGS_MINSIZEREL_INIT= -Os -DNDEBUG
-- CMAKE_CXX_FLAGS_RELEASE=-O3 -DNDEBUG
-- CMAKE_CXX_FLAGS_RELEASE_INIT= -O3 -DNDEBUG
-- CMAKE_CXX_FLAGS_RELWITHDEBINFO=-O2 -g -DNDEBUG
-- CMAKE_CXX_FLAGS_RELWITHDEBINFO_INIT= -O2 -g -DNDEBUG
-- CMAKE_CXX_IGNORE_EXTENSIONS=inl;h;hpp;HPP;H;o;O;obj;OBJ;def;DEF;rc;RC
-- CMAKE_CXX_IMPLICIT_INCLUDE_DIRECTORIES=/usr/include/c++/9;/usr/include/x86_64-linux-gnu/c++/9;/usr/include/c++/9/backward;/usr/lib/gcc/x86_64-linux-gnu/9/include;/usr/local/include;/usr/include/x86_64-linux-gnu;/usr/include
-- CMAKE_CXX_IMPLICIT_LINK_DIRECTORIES=/usr/lib/gcc/x86_64-linux-gnu/9;/usr/lib/x86_64-linux-gnu;/usr/lib;/lib/x86_64-linux-gnu;/lib
-- CMAKE_CXX_IMPLICIT_LINK_FRAMEWORK_DIRECTORIES=
-- CMAKE_CXX_IMPLICIT_LINK_LIBRARIES=stdc++;m;gcc_s;gcc;c;gcc_s;gcc
-- CMAKE_CXX_INFORMATION_LOADED=1
-- CMAKE_CXX_LIBRARY_ARCHITECTURE=x86_64-linux-gnu
-- CMAKE_CXX_LINKER_PREFERENCE=30
-- CMAKE_CXX_LINKER_PREFERENCE_PROPAGATES=1
-- CMAKE_CXX_LINKER_WRAPPER_FLAG=-Wl,
-- CMAKE_CXX_LINKER_WRAPPER_FLAG_SEP=,
-- CMAKE_CXX_LINK_EXECUTABLE=<CMAKE_CXX_COMPILER>  <FLAGS> <CMAKE_CXX_LINK_FLAGS> <LINK_FLAGS> <OBJECTS>  -o <TARGET> <LINK_LIBRARIES>
-- CMAKE_CXX_LINK_OPTIONS_NO_PIE=-no-pie
-- CMAKE_CXX_LINK_OPTIONS_PIE=-fPIE;-pie
-- CMAKE_CXX_OUTPUT_EXTENSION=.o
-- CMAKE_CXX_PLATFORM_ID=Linux
-- CMAKE_CXX_SIMULATE_ID=
-- CMAKE_CXX_SIMULATE_VERSION=
-- CMAKE_CXX_SIZEOF_DATA_PTR=8
-- CMAKE_CXX_SOURCE_FILE_EXTENSIONS=C;M;c++;cc;cpp;cxx;mm;CPP
-- CMAKE_CXX_STANDARD=11
-- CMAKE_CXX_STANDARD_COMPUTED_DEFAULT=14
-- CMAKE_CXX_STANDARD_DEFAULT=14
-- CMAKE_CXX_STANDARD_REQUIRED=ON
-- CMAKE_CXX_VERBOSE_FLAG=-v
-- CMAKE_CXX_XCODE_ARCHS=
-- CMAKE_C_ABI_COMPILED=TRUE
-- CMAKE_C_ARCHIVE_APPEND=<CMAKE_AR> q  <TARGET> <LINK_FLAGS> <OBJECTS>
-- CMAKE_C_ARCHIVE_APPEND_IPO="/usr/bin/gcc-ar-9" r <TARGET> <LINK_FLAGS> <OBJECTS>
-- CMAKE_C_ARCHIVE_CREATE=<CMAKE_AR> qc <TARGET> <LINK_FLAGS> <OBJECTS>
-- CMAKE_C_ARCHIVE_CREATE_IPO="/usr/bin/gcc-ar-9" cr <TARGET> <LINK_FLAGS> <OBJECTS>
-- CMAKE_C_ARCHIVE_FINISH=<CMAKE_RANLIB> <TARGET>
-- CMAKE_C_ARCHIVE_FINISH_IPO="/usr/bin/gcc-ranlib-9" <TARGET>
-- CMAKE_C_CL_SHOWINCLUDES_PREFIX=
-- CMAKE_C_COMPILER=/usr/bin/cc
-- CMAKE_C_COMPILER=/usr/bin/cc
-- CMAKE_C_COMPILER_ABI=ELF
-- CMAKE_C_COMPILER_AR=/usr/bin/gcc-ar-9
-- CMAKE_C_COMPILER_AR=/usr/bin/gcc-ar-9
-- CMAKE_C_COMPILER_ARCHITECTURE_ID=
-- CMAKE_C_COMPILER_ARG1=
-- CMAKE_C_COMPILER_ENV_VAR=CC
-- CMAKE_C_COMPILER_FRONTEND_VARIANT=
-- CMAKE_C_COMPILER_ID=GNU
-- CMAKE_C_COMPILER_INIT=NOTFOUND
-- CMAKE_C_COMPILER_LIST=cc;gcc;cl;bcc;xlc;clang
-- CMAKE_C_COMPILER_LOADED=1
-- CMAKE_C_COMPILER_NAMES=cc
-- CMAKE_C_COMPILER_PREDEFINES_COMMAND=/usr/bin/cc;-dM;-E;-c;/usr/share/cmake-3.16/Modules/CMakeCXXCompilerABI.cpp
-- CMAKE_C_COMPILER_PRODUCED_FILES=a.out
-- CMAKE_C_COMPILER_PRODUCED_OUTPUT=
-- CMAKE_C_COMPILER_RANLIB=/usr/bin/gcc-ranlib-9
-- CMAKE_C_COMPILER_RANLIB=/usr/bin/gcc-ranlib-9
-- CMAKE_C_COMPILER_VERSION=9.4.0
-- CMAKE_C_COMPILER_VERSION_INTERNAL=
-- CMAKE_C_COMPILER_WORKS=TRUE
-- CMAKE_C_COMPILER_WRAPPER=
-- CMAKE_C_COMPILE_FEATURES=c_std_90;c_function_prototypes;c_std_99;c_restrict;c_variadic_macros;c_std_11;c_static_assert
-- CMAKE_C_COMPILE_OBJECT=<CMAKE_C_COMPILER> <DEFINES> <INCLUDES> <FLAGS> -o <OBJECT>   -c <SOURCE>
-- CMAKE_C_COMPILE_OPTIONS_CREATE_PCH=-Winvalid-pch;-x;c-header;-include;<PCH_HEADER>
-- CMAKE_C_COMPILE_OPTIONS_IPO=-flto;-fno-fat-lto-objects
-- CMAKE_C_COMPILE_OPTIONS_PIC=-fPIC
-- CMAKE_C_COMPILE_OPTIONS_PIE=-fPIE
-- CMAKE_C_COMPILE_OPTIONS_SYSROOT=--sysroot=
-- CMAKE_C_COMPILE_OPTIONS_USE_PCH=-Winvalid-pch;-include;<PCH_HEADER>
-- CMAKE_C_COMPILE_OPTIONS_VISIBILITY=-fvisibility=
-- CMAKE_C_CREATE_ASSEMBLY_SOURCE=<CMAKE_C_COMPILER> <DEFINES> <INCLUDES> <FLAGS> -S <SOURCE> -o <ASSEMBLY_SOURCE>
-- CMAKE_C_CREATE_PREPROCESSED_SOURCE=<CMAKE_C_COMPILER> <DEFINES> <INCLUDES> <FLAGS> -E <SOURCE> > <PREPROCESSED_SOURCE>
-- CMAKE_C_CREATE_SHARED_LIBRARY=<CMAKE_C_COMPILER> <CMAKE_SHARED_LIBRARY_C_FLAGS> <LANGUAGE_COMPILE_FLAGS> <LINK_FLAGS> <CMAKE_SHARED_LIBRARY_CREATE_C_FLAGS> <SONAME_FLAG><TARGET_SONAME> -o <TARGET> <OBJECTS> <LINK_LIBRARIES>
-- CMAKE_C_CREATE_SHARED_MODULE=<CMAKE_C_COMPILER> <CMAKE_SHARED_LIBRARY_C_FLAGS> <LANGUAGE_COMPILE_FLAGS> <LINK_FLAGS> <CMAKE_SHARED_LIBRARY_CREATE_C_FLAGS> <SONAME_FLAG><TARGET_SONAME> -o <TARGET> <OBJECTS> <LINK_LIBRARIES>
-- CMAKE_C_FLAGS=
-- CMAKE_C_FLAGS_DEBUG=-g
-- CMAKE_C_FLAGS_DEBUG_INIT= -g
-- CMAKE_C_FLAGS_INIT=  
-- CMAKE_C_FLAGS_MINSIZEREL=-Os -DNDEBUG
-- CMAKE_C_FLAGS_MINSIZEREL_INIT= -Os -DNDEBUG
-- CMAKE_C_FLAGS_RELEASE=-O3 -DNDEBUG
-- CMAKE_C_FLAGS_RELEASE_INIT= -O3 -DNDEBUG
-- CMAKE_C_FLAGS_RELWITHDEBINFO=-O2 -g -DNDEBUG
-- CMAKE_C_FLAGS_RELWITHDEBINFO_INIT= -O2 -g -DNDEBUG
-- CMAKE_C_IGNORE_EXTENSIONS=h;H;o;O;obj;OBJ;def;DEF;rc;RC
-- CMAKE_C_IMPLICIT_INCLUDE_DIRECTORIES=/usr/lib/gcc/x86_64-linux-gnu/9/include;/usr/local/include;/usr/include/x86_64-linux-gnu;/usr/include
-- CMAKE_C_IMPLICIT_LINK_DIRECTORIES=/usr/lib/gcc/x86_64-linux-gnu/9;/usr/lib/x86_64-linux-gnu;/usr/lib;/lib/x86_64-linux-gnu;/lib
-- CMAKE_C_IMPLICIT_LINK_FRAMEWORK_DIRECTORIES=
-- CMAKE_C_IMPLICIT_LINK_LIBRARIES=gcc;gcc_s;c;gcc;gcc_s
-- CMAKE_C_INFORMATION_LOADED=1
-- CMAKE_C_LIBRARY_ARCHITECTURE=x86_64-linux-gnu
-- CMAKE_C_LINKER_PREFERENCE=10
-- CMAKE_C_LINKER_WRAPPER_FLAG=-Wl,
-- CMAKE_C_LINKER_WRAPPER_FLAG_SEP=,
-- CMAKE_C_LINK_EXECUTABLE=<CMAKE_C_COMPILER> <FLAGS> <CMAKE_C_LINK_FLAGS> <LINK_FLAGS> <OBJECTS>  -o <TARGET> <LINK_LIBRARIES>
-- CMAKE_C_LINK_OPTIONS_NO_PIE=-no-pie
-- CMAKE_C_LINK_OPTIONS_PIE=-fPIE;-pie
-- CMAKE_C_OUTPUT_EXTENSION=.o
-- CMAKE_C_PLATFORM_ID=Linux
-- CMAKE_C_SIMULATE_ID=
-- CMAKE_C_SIMULATE_VERSION=
-- CMAKE_C_SIZEOF_DATA_PTR=8
-- CMAKE_C_SOURCE_FILE_EXTENSIONS=c;m
-- CMAKE_C_STANDARD_COMPUTED_DEFAULT=11
-- CMAKE_C_STANDARD_DEFAULT=11
-- CMAKE_C_VERBOSE_FLAG=-v
-- CMAKE_C_XCODE_ARCHS=
-- CMAKE_DEPFILE_FLAGS_C=-MD -MT <OBJECT> -MF <DEPFILE>
-- CMAKE_DEPFILE_FLAGS_CXX=-MD -MT <OBJECT> -MF <DEPFILE>
-- CMAKE_DLLTOOL=CMAKE_DLLTOOL-NOTFOUND
-- CMAKE_DL_LIBS=dl
-- CMAKE_EFFECTIVE_SYSTEM_NAME=Linux
-- CMAKE_EXECUTABLE_FORMAT=ELF
-- CMAKE_EXECUTABLE_RPATH_LINK_CXX_FLAG=-Wl,-rpath-link,
-- CMAKE_EXECUTABLE_RPATH_LINK_C_FLAG=-Wl,-rpath-link,
-- CMAKE_EXECUTABLE_RUNTIME_CXX_FLAG=-Wl,-rpath,
-- CMAKE_EXECUTABLE_RUNTIME_CXX_FLAG_SEP=:
-- CMAKE_EXECUTABLE_RUNTIME_C_FLAG=-Wl,-rpath,
-- CMAKE_EXECUTABLE_RUNTIME_C_FLAG_SEP=:
-- CMAKE_EXECUTABLE_SUFFIX=
-- CMAKE_EXE_EXPORTS_CXX_FLAG=-Wl,--export-dynamic
-- CMAKE_EXE_EXPORTS_C_FLAG=-Wl,--export-dynamic
-- CMAKE_EXE_LINKER_FLAGS=
-- CMAKE_EXE_LINKER_FLAGS_DEBUG=
-- CMAKE_EXE_LINKER_FLAGS_INIT=  
-- CMAKE_EXE_LINKER_FLAGS_MINSIZEREL=
-- CMAKE_EXE_LINKER_FLAGS_RELEASE=
-- CMAKE_EXE_LINKER_FLAGS_RELWITHDEBINFO=
-- CMAKE_EXE_LINK_DYNAMIC_CXX_FLAGS=-Wl,-Bdynamic
-- CMAKE_EXE_LINK_DYNAMIC_C_FLAGS=-Wl,-Bdynamic
-- CMAKE_EXE_LINK_STATIC_CXX_FLAGS=-Wl,-Bstatic
-- CMAKE_EXE_LINK_STATIC_C_FLAGS=-Wl,-Bstatic
-- CMAKE_EXPORT_COMPILE_COMMANDS=OFF
-- CMAKE_EXTRA_GENERATOR=
-- CMAKE_FILES_DIRECTORY=/CMakeFiles
-- CMAKE_FIND_LIBRARY_PREFIXES=lib
-- CMAKE_FIND_LIBRARY_SUFFIXES=.so;.a
-- CMAKE_GENERATOR=Ninja
-- CMAKE_GENERATOR_INSTANCE=
-- CMAKE_GENERATOR_PLATFORM=
-- CMAKE_GENERATOR_TOOLSET=
-- CMAKE_HOME_DIRECTORY=/home/maciek/git/maciej/cmake-library-example/internal-project
-- CMAKE_HOST_SYSTEM=Linux-5.15.0-71-generic
-- CMAKE_HOST_SYSTEM_NAME=Linux
-- CMAKE_HOST_SYSTEM_PROCESSOR=x86_64
-- CMAKE_HOST_SYSTEM_VERSION=5.15.0-71-generic
-- CMAKE_HOST_UNIX=1
-- CMAKE_INCLUDE_FLAG_C=-I
-- CMAKE_INCLUDE_FLAG_CXX=-I
-- CMAKE_INCLUDE_SYSTEM_FLAG_C=-isystem 
-- CMAKE_INCLUDE_SYSTEM_FLAG_CXX=-isystem 
-- CMAKE_INSTALL_BINDIR=bin
-- CMAKE_INSTALL_DATADIR=share
-- CMAKE_INSTALL_DATADIR=share
-- CMAKE_INSTALL_DATAROOTDIR=share
-- CMAKE_INSTALL_DEFAULT_COMPONENT_NAME=Unspecified
-- CMAKE_INSTALL_DOCDIR=share/doc/SomeLibrary
-- CMAKE_INSTALL_DOCDIR=share/doc/SomeLibrary
-- CMAKE_INSTALL_FULL_BINDIR=/home/maciek/git/maciej/cmake-library-example/install/bin
-- CMAKE_INSTALL_FULL_DATADIR=/home/maciek/git/maciej/cmake-library-example/install/share
-- CMAKE_INSTALL_FULL_DATAROOTDIR=/home/maciek/git/maciej/cmake-library-example/install/share
-- CMAKE_INSTALL_FULL_DOCDIR=/home/maciek/git/maciej/cmake-library-example/install/share/doc/SomeLibrary
-- CMAKE_INSTALL_FULL_INCLUDEDIR=/home/maciek/git/maciej/cmake-library-example/install/include
-- CMAKE_INSTALL_FULL_INFODIR=/home/maciek/git/maciej/cmake-library-example/install/share/info
-- CMAKE_INSTALL_FULL_LIBDIR=/home/maciek/git/maciej/cmake-library-example/install/lib
-- CMAKE_INSTALL_FULL_LIBEXECDIR=/home/maciek/git/maciej/cmake-library-example/install/libexec
-- CMAKE_INSTALL_FULL_LOCALEDIR=/home/maciek/git/maciej/cmake-library-example/install/share/locale
-- CMAKE_INSTALL_FULL_LOCALSTATEDIR=/home/maciek/git/maciej/cmake-library-example/install/var
-- CMAKE_INSTALL_FULL_MANDIR=/home/maciek/git/maciej/cmake-library-example/install/share/man
-- CMAKE_INSTALL_FULL_OLDINCLUDEDIR=/usr/include
-- CMAKE_INSTALL_FULL_RUNSTATEDIR=/home/maciek/git/maciej/cmake-library-example/install/var/run
-- CMAKE_INSTALL_FULL_SBINDIR=/home/maciek/git/maciej/cmake-library-example/install/sbin
-- CMAKE_INSTALL_FULL_SHAREDSTATEDIR=/home/maciek/git/maciej/cmake-library-example/install/com
-- CMAKE_INSTALL_FULL_SYSCONFDIR=/home/maciek/git/maciej/cmake-library-example/install/etc
-- CMAKE_INSTALL_INCLUDEDIR=include
-- CMAKE_INSTALL_INFODIR=share/info
-- CMAKE_INSTALL_INFODIR=share/info
-- CMAKE_INSTALL_LIBDIR=lib
-- CMAKE_INSTALL_LIBEXECDIR=libexec
-- CMAKE_INSTALL_LOCALEDIR=share/locale
-- CMAKE_INSTALL_LOCALEDIR=share/locale
-- CMAKE_INSTALL_LOCALSTATEDIR=var
-- CMAKE_INSTALL_MANDIR=share/man
-- CMAKE_INSTALL_MANDIR=share/man
-- CMAKE_INSTALL_OLDINCLUDEDIR=/usr/include
-- CMAKE_INSTALL_PREFIX=/home/maciek/git/maciej/cmake-library-example/install
-- CMAKE_INSTALL_RUNSTATEDIR=var/run
-- CMAKE_INSTALL_RUNSTATEDIR=var/run
-- CMAKE_INSTALL_SBINDIR=sbin
-- CMAKE_INSTALL_SHAREDSTATEDIR=com
-- CMAKE_INSTALL_SO_NO_EXE=1
-- CMAKE_INSTALL_SYSCONFDIR=etc
-- CMAKE_INTERNAL_PLATFORM_ABI=ELF
-- CMAKE_LIBRARY_ARCHITECTURE=x86_64-linux-gnu
-- CMAKE_LIBRARY_ARCHITECTURE_REGEX=[a-z0-9_]+(-[a-z0-9_]+)?-linux-gnu[a-z0-9_]*
-- CMAKE_LIBRARY_PATH_FLAG=-L
-- CMAKE_LIBRARY_PATH_TERMINATOR=
-- CMAKE_LINKER=/usr/bin/ld
-- CMAKE_LINKER=/usr/bin/ld
-- CMAKE_LINK_LIBRARY_FLAG=-l
-- CMAKE_LINK_LIBRARY_SUFFIX=
-- CMAKE_MAJOR_VERSION=3
-- CMAKE_MAKE_PROGRAM=/usr/bin/ninja
-- CMAKE_MATCH_0=
-- CMAKE_MATCH_1=
-- CMAKE_MATCH_COUNT=0
-- CMAKE_MINIMUM_REQUIRED_VERSION=3.15
-- CMAKE_MINOR_VERSION=16
-- CMAKE_MODULE_LINKER_FLAGS=
-- CMAKE_MODULE_LINKER_FLAGS_DEBUG=
-- CMAKE_MODULE_LINKER_FLAGS_INIT=  
-- CMAKE_MODULE_LINKER_FLAGS_MINSIZEREL=
-- CMAKE_MODULE_LINKER_FLAGS_RELEASE=
-- CMAKE_MODULE_LINKER_FLAGS_RELWITHDEBINFO=
-- CMAKE_MODULE_PATH=/home/maciek/git/maciej/cmake-library-example/cmake;/home/maciek/git/maciej/cmake-library-example/internal-project/libraries/SomeLibrary/cmake
-- CMAKE_MODULE_PATH=/home/maciek/git/maciej/cmake-library-example/cmake;/home/maciek/git/maciej/cmake-library-example/internal-project/libraries/SomeLibrary/cmake
-- CMAKE_MT=
-- CMAKE_NM=/usr/bin/nm
-- CMAKE_OBJCOPY=/usr/bin/objcopy
-- CMAKE_OBJDUMP=/usr/bin/objdump
-- CMAKE_PARENT_LIST_FILE=/home/maciek/git/maciej/cmake-library-example/internal-project/libraries/SomeLibrary/CMakeLists.txt
-- CMAKE_PATCH_VERSION=3
-- CMAKE_PCH_EXTENSION=.gch
-- CMAKE_PCH_PROLOGUE=#pragma GCC system_header
-- CMAKE_PLATFORM_IMPLICIT_LINK_DIRECTORIES=/lib;/lib32;/lib64;/usr/lib;/usr/lib32;/usr/lib64
-- CMAKE_PLATFORM_INFO_DIR=/home/maciek/git/maciej/cmake-library-example/internal-project/build/CMakeFiles/3.16.3
-- CMAKE_PLATFORM_INFO_INITIALIZED=1
-- CMAKE_PLATFORM_USES_PATH_WHEN_NO_SONAME=1
-- CMAKE_PREFIX_PATH=/home/maciek/git/maciej/cmake-library-example/install
-- CMAKE_PROJECT_DESCRIPTION=A project with nested library
-- CMAKE_PROJECT_HOMEPAGE_URL=
-- CMAKE_PROJECT_NAME=some-application
-- CMAKE_PROJECT_VERSION=0.9.1
-- CMAKE_PROJECT_VERSION_MAJOR=0
-- CMAKE_PROJECT_VERSION_MINOR=9
-- CMAKE_PROJECT_VERSION_PATCH=1
-- CMAKE_PROJECT_VERSION_TWEAK=
-- CMAKE_PROPERTY_LIST=<CONFIG>_OUTPUT_NAME;<CONFIG>_POSTFIX;<LANG>_CLANG_TIDY;<LANG>_COMPILER_LAUNCHER;<LANG>_CPPCHECK;<LANG>_CPPLINT;<LANG>_INCLUDE_WHAT_YOU_USE;<LANG>_VISIBILITY_PRESET;ABSTRACT;ADDITIONAL_CLEAN_FILES;ADDITIONAL_CLEAN_FILES;ADDITIONAL_MAKE_CLEAN_FILES;ADVANCED;ALIASED_TARGET;ALLOW_DUPLICATE_CUSTOM_TARGETS;ANDROID_ANT_ADDITIONAL_OPTIONS;ANDROID_API;ANDROID_API_MIN;ANDROID_ARCH;ANDROID_ASSETS_DIRECTORIES;ANDROID_GUI;ANDROID_JAR_DEPENDENCIES;ANDROID_JAR_DIRECTORIES;ANDROID_JAVA_SOURCE_DIR;ANDROID_NATIVE_LIB_DEPENDENCIES;ANDROID_NATIVE_LIB_DIRECTORIES;ANDROID_PROCESS_MAX;ANDROID_PROGUARD;ANDROID_PROGUARD_CONFIG_PATH;ANDROID_SECURE_PROPS_PATH;ANDROID_SKIP_ANT_STEP;ANDROID_STL_TYPE;ARCHIVE_OUTPUT_DIRECTORY;ARCHIVE_OUTPUT_DIRECTORY_<CONFIG>;ARCHIVE_OUTPUT_NAME;ARCHIVE_OUTPUT_NAME_<CONFIG>;ATTACHED_FILES;ATTACHED_FILES_ON_FAIL;AUTOGEN_BUILD_DIR;AUTOGEN_ORIGIN_DEPENDS;AUTOGEN_PARALLEL;AUTOGEN_SOURCE_GROUP;AUTOGEN_TARGETS_FOLDER;AUTOGEN_TARGET_DEPENDS;AUTOMOC;AUTOMOC_COMPILER_PREDEFINES;AUTOMOC_DEPEND_FILTERS;AUTOMOC_EXECUTABLE;AUTOMOC_MACRO_NAMES;AUTOMOC_MOC_OPTIONS;AUTOMOC_PATH_PREFIX;AUTOMOC_SOURCE_GROUP;AUTOMOC_TARGETS_FOLDER;AUTORCC;AUTORCC_EXECUTABLE;AUTORCC_OPTIONS;AUTORCC_OPTIONS;AUTORCC_SOURCE_GROUP;AUTOUIC;AUTOUIC_EXECUTABLE;AUTOUIC_OPTIONS;AUTOUIC_OPTIONS;AUTOUIC_SEARCH_PATHS;BINARY_DIR;BINARY_DIR;BUILDSYSTEM_TARGETS;BUILD_RPATH;BUILD_RPATH_USE_ORIGIN;BUILD_WITH_INSTALL_NAME_DIR;BUILD_WITH_INSTALL_RPATH;BUNDLE;BUNDLE_EXTENSION;CACHE_VARIABLES;CLEAN_NO_CUSTOM;CMAKE_CONFIGURE_DEPENDS;CMAKE_CXX_KNOWN_FEATURES;CMAKE_C_KNOWN_FEATURES;CMAKE_ROLE;COMMON_LANGUAGE_RUNTIME;COMPATIBLE_INTERFACE_BOOL;COMPATIBLE_INTERFACE_NUMBER_MAX;COMPATIBLE_INTERFACE_NUMBER_MIN;COMPATIBLE_INTERFACE_STRING;COMPILE_DEFINITIONS;COMPILE_DEFINITIONS;COMPILE_DEFINITIONS;COMPILE_DEFINITIONS_<CONFIG>;COMPILE_DEFINITIONS_<CONFIG>;COMPILE_DEFINITIONS_<CONFIG>;COMPILE_FEATURES;COMPILE_FLAGS;COMPILE_FLAGS;COMPILE_OPTIONS;COMPILE_OPTIONS;COMPILE_OPTIONS;COMPILE_PDB_NAME;COMPILE_PDB_NAME_<CONFIG>;COMPILE_PDB_OUTPUT_DIRECTORY;COMPILE_PDB_OUTPUT_DIRECTORY_<CONFIG>;COST;CPACK_DESKTOP_SHORTCUTS;CPACK_NEVER_OVERWRITE;CPACK_PERMANENT;CPACK_STARTUP_SHORTCUTS;CPACK_START_MENU_SHORTCUTS;CPACK_WIX_ACL;CROSSCOMPILING_EMULATOR;CUDA_EXTENSIONS;CUDA_PTX_COMPILATION;CUDA_RESOLVE_DEVICE_SYMBOLS;CUDA_SEPARABLE_COMPILATION;CUDA_STANDARD;CUDA_STANDARD_REQUIRED;CXX_EXTENSIONS;CXX_STANDARD;CXX_STANDARD_REQUIRED;C_EXTENSIONS;C_STANDARD;C_STANDARD_REQUIRED;DEBUG_CONFIGURATIONS;DEBUG_POSTFIX;DEFINE_SYMBOL;DEFINITIONS;DEPENDS;DEPLOYMENT_ADDITIONAL_FILES;DEPLOYMENT_REMOTE_DIRECTORY;DISABLED;DISABLED_FEATURES;DISABLE_PRECOMPILE_HEADERS;DOTNET_TARGET_FRAMEWORK_VERSION;ECLIPSE_EXTRA_CPROJECT_CONTENTS;ECLIPSE_EXTRA_NATURES;ENABLED_FEATURES;ENABLED_LANGUAGES;ENABLE_EXPORTS;ENVIRONMENT;EXCLUDE_FROM_ALL;EXCLUDE_FROM_ALL;EXCLUDE_FROM_DEFAULT_BUILD;EXCLUDE_FROM_DEFAULT_BUILD_<CONFIG>;EXPORT_NAME;EXPORT_PROPERTIES;EXTERNAL_OBJECT;EchoString;FAIL_REGULAR_EXPRESSION;FIND_LIBRARY_USE_LIB32_PATHS;FIND_LIBRARY_USE_LIB64_PATHS;FIND_LIBRARY_USE_LIBX32_PATHS;FIND_LIBRARY_USE_OPENBSD_VERSIONING;FIXTURES_CLEANUP;FIXTURES_REQUIRED;FIXTURES_SETUP;FOLDER;FRAMEWORK;FRAMEWORK_VERSION;Fortran_FORMAT;Fortran_FORMAT;Fortran_MODULE_DIRECTORY;GENERATED;GENERATOR_FILE_NAME;GENERATOR_IS_MULTI_CONFIG;GHS_INTEGRITY_APP;GHS_NO_SOURCE_GROUP_FILE;GLOBAL_DEPENDS_DEBUG_MODE;GLOBAL_DEPENDS_NO_CYCLES;GNUtoMS;HAS_CXX;HEADER_FILE_ONLY;HELPSTRING;IMPLICIT_DEPENDS_INCLUDE_TRANSFORM;IMPLICIT_DEPENDS_INCLUDE_TRANSFORM;IMPORTED;IMPORTED_COMMON_LANGUAGE_RUNTIME;IMPORTED_CONFIGURATIONS;IMPORTED_GLOBAL;IMPORTED_IMPLIB;IMPORTED_IMPLIB_<CONFIG>;IMPORTED_LIBNAME;IMPORTED_LIBNAME_<CONFIG>;IMPORTED_LINK_DEPENDENT_LIBRARIES;IMPORTED_LINK_DEPENDENT_LIBRARIES_<CONFIG>;IMPORTED_LINK_INTERFACE_LANGUAGES;IMPORTED_LINK_INTERFACE_LANGUAGES_<CONFIG>;IMPORTED_LINK_INTERFACE_LIBRARIES;IMPORTED_LINK_INTERFACE_LIBRARIES_<CONFIG>;IMPORTED_LINK_INTERFACE_MULTIPLICITY;IMPORTED_LINK_INTERFACE_MULTIPLICITY_<CONFIG>;IMPORTED_LOCATION;IMPORTED_LOCATION_<CONFIG>;IMPORTED_NO_SONAME;IMPORTED_NO_SONAME_<CONFIG>;IMPORTED_OBJECTS;IMPORTED_OBJECTS_<CONFIG>;IMPORTED_SONAME;IMPORTED_SONAME_<CONFIG>;IMPORT_PREFIX;IMPORT_SUFFIX;INCLUDE_DIRECTORIES;INCLUDE_DIRECTORIES;INCLUDE_DIRECTORIES;INCLUDE_REGULAR_EXPRESSION;INSTALL_NAME_DIR;INSTALL_REMOVE_ENVIRONMENT_RPATH;INSTALL_RPATH;INSTALL_RPATH_USE_LINK_PATH;INTERFACE_AUTOUIC_OPTIONS;INTERFACE_COMPILE_DEFINITIONS;INTERFACE_COMPILE_FEATURES;INTERFACE_COMPILE_OPTIONS;INTERFACE_INCLUDE_DIRECTORIES;INTERFACE_LINK_DEPENDS;INTERFACE_LINK_DIRECTORIES;INTERFACE_LINK_LIBRARIES;INTERFACE_LINK_OPTIONS;INTERFACE_POSITION_INDEPENDENT_CODE;INTERFACE_PRECOMPILE_HEADERS;INTERFACE_SOURCES;INTERFACE_SYSTEM_INCLUDE_DIRECTORIES;INTERPROCEDURAL_OPTIMIZATION;INTERPROCEDURAL_OPTIMIZATION;INTERPROCEDURAL_OPTIMIZATION_<CONFIG>;INTERPROCEDURAL_OPTIMIZATION_<CONFIG>;IN_TRY_COMPILE;IOS_INSTALL_COMBINED;JOB_POOLS;JOB_POOL_COMPILE;JOB_POOL_LINK;KEEP_EXTENSION;LABELS;LABELS;LABELS;LABELS;LANGUAGE;LIBRARY_OUTPUT_DIRECTORY;LIBRARY_OUTPUT_DIRECTORY_<CONFIG>;LIBRARY_OUTPUT_NAME;LIBRARY_OUTPUT_NAME_<CONFIG>;LINKER_LANGUAGE;LINK_DEPENDS;LINK_DEPENDS_NO_SHARED;LINK_DIRECTORIES;LINK_DIRECTORIES;LINK_FLAGS;LINK_FLAGS_<CONFIG>;LINK_INTERFACE_LIBRARIES;LINK_INTERFACE_LIBRARIES_<CONFIG>;LINK_INTERFACE_MULTIPLICITY;LINK_INTERFACE_MULTIPLICITY_<CONFIG>;LINK_LIBRARIES;LINK_OPTIONS;LINK_OPTIONS;LINK_SEARCH_END_STATIC;LINK_SEARCH_START_STATIC;LINK_WHAT_YOU_USE;LISTFILE_STACK;LOCATION;LOCATION;LOCATION_<CONFIG>;MACOSX_BUNDLE;MACOSX_BUNDLE_INFO_PLIST;MACOSX_FRAMEWORK_INFO_PLIST;MACOSX_PACKAGE_LOCATION;MACOSX_RPATH;MACROS;MANUALLY_ADDED_DEPENDENCIES;MAP_IMPORTED_CONFIG_<CONFIG>;MEASUREMENT;MODIFIED;MSVC_RUNTIME_LIBRARY;NAME;NO_SONAME;NO_SYSTEM_FROM_IMPORTED;OBJCXX_EXTENSIONS;OBJCXX_STANDARD;OBJCXX_STANDARD_REQUIRED;OBJC_EXTENSIONS;OBJC_STANDARD;OBJC_STANDARD_REQUIRED;OBJECT_DEPENDS;OBJECT_OUTPUTS;OSX_ARCHITECTURES;OSX_ARCHITECTURES_<CONFIG>;OUTPUT_NAME;OUTPUT_NAME_<CONFIG>;PACKAGES_FOUND;PACKAGES_NOT_FOUND;PARENT_DIRECTORY;PASS_REGULAR_EXPRESSION;PDB_NAME;PDB_NAME_<CONFIG>;PDB_OUTPUT_DIRECTORY;PDB_OUTPUT_DIRECTORY_<CONFIG>;POSITION_INDEPENDENT_CODE;POST_INSTALL_SCRIPT;PRECOMPILE_HEADERS;PRECOMPILE_HEADERS_REUSE_FROM;PREDEFINED_TARGETS_FOLDER;PREFIX;PRE_INSTALL_SCRIPT;PRIVATE_HEADER;PROCESSORS;PROCESSOR_AFFINITY;PROJECT_LABEL;PUBLIC_HEADER;REPORT_UNDEFINED_PROPERTIES;REQUIRED_FILES;RESOURCE;RESOURCE_GROUPS;RESOURCE_LOCK;RULE_LAUNCH_COMPILE;RULE_LAUNCH_COMPILE;RULE_LAUNCH_COMPILE;RULE_LAUNCH_CUSTOM;RULE_LAUNCH_CUSTOM;RULE_LAUNCH_CUSTOM;RULE_LAUNCH_LINK;RULE_LAUNCH_LINK;RULE_LAUNCH_LINK;RULE_MESSAGES;RUNTIME_OUTPUT_DIRECTORY;RUNTIME_OUTPUT_DIRECTORY_<CONFIG>;RUNTIME_OUTPUT_NAME;RUNTIME_OUTPUT_NAME_<CONFIG>;RUN_SERIAL;SKIP_AUTOGEN;SKIP_AUTOMOC;SKIP_AUTORCC;SKIP_AUTOUIC;SKIP_BUILD_RPATH;SKIP_PRECOMPILE_HEADERS;SKIP_REGULAR_EXPRESSION;SKIP_RETURN_CODE;SKIP_UNITY_BUILD_INCLUSION;SOURCES;SOURCE_DIR;SOURCE_DIR;SOVERSION;STATIC_LIBRARY_FLAGS;STATIC_LIBRARY_FLAGS_<CONFIG>;STATIC_LIBRARY_OPTIONS;STRINGS;SUBDIRECTORIES;SUFFIX;SYMBOLIC;Swift_DEPENDENCIES_FILE;Swift_DEPENDENCIES_FILE;Swift_DIAGNOSTICS_FILE;Swift_LANGUAGE_VERSION;Swift_MODULE_DIRECTORY;Swift_MODULE_NAME;TARGET_ARCHIVES_MAY_BE_SHARED_LIBS;TARGET_MESSAGES;TARGET_SUPPORTS_SHARED_LIBS;TESTS;TEST_INCLUDE_FILE;TEST_INCLUDE_FILES;TIMEOUT;TIMEOUT_AFTER_MATCH;TYPE;TYPE;UNITY_BUILD;UNITY_BUILD_BATCH_SIZE;UNITY_BUILD_CODE_AFTER_INCLUDE;UNITY_BUILD_CODE_BEFORE_INCLUDE;USE_FOLDERS;VALUE;VARIABLES;VERSION;VISIBILITY_INLINES_HIDDEN;VS_CONFIGURATION_TYPE;VS_COPY_TO_OUT_DIR;VS_CSHARP_<tagname>;VS_DEBUGGER_COMMAND;VS_DEBUGGER_COMMAND_ARGUMENTS;VS_DEBUGGER_ENVIRONMENT;VS_DEBUGGER_WORKING_DIRECTORY;VS_DEPLOYMENT_CONTENT;VS_DEPLOYMENT_LOCATION;VS_DESKTOP_EXTENSIONS_VERSION;VS_DOTNET_REFERENCEPROP_<refname>_TAG_<tagname>;VS_DOTNET_REFERENCES;VS_DOTNET_REFERENCES_COPY_LOCAL;VS_DOTNET_REFERENCE_<refname>;VS_DOTNET_TARGET_FRAMEWORK_VERSION;VS_DPI_AWARE;VS_GLOBAL_<variable>;VS_GLOBAL_KEYWORD;VS_GLOBAL_PROJECT_TYPES;VS_GLOBAL_ROOTNAMESPACE;VS_GLOBAL_SECTION_POST_<section>;VS_GLOBAL_SECTION_PRE_<section>;VS_INCLUDE_IN_VSIX;VS_IOT_EXTENSIONS_VERSION;VS_IOT_STARTUP_TASK;VS_JUST_MY_CODE_DEBUGGING;VS_KEYWORD;VS_MOBILE_EXTENSIONS_VERSION;VS_NO_SOLUTION_DEPLOY;VS_PACKAGE_REFERENCES;VS_PROJECT_IMPORT;VS_RESOURCE_GENERATOR;VS_SCC_AUXPATH;VS_SCC_LOCALPATH;VS_SCC_PROJECTNAME;VS_SCC_PROVIDER;VS_SDK_REFERENCES;VS_SHADER_DISABLE_OPTIMIZATIONS;VS_SHADER_ENABLE_DEBUG;VS_SHADER_ENTRYPOINT;VS_SHADER_FLAGS;VS_SHADER_MODEL;VS_SHADER_OBJECT_FILE_NAME;VS_SHADER_OUTPUT_HEADER_FILE;VS_SHADER_TYPE;VS_SHADER_VARIABLE_NAME;VS_STARTUP_PROJECT;VS_TOOL_OVERRIDE;VS_USER_PROPS;VS_WINDOWS_TARGET_PLATFORM_MIN_VERSION;VS_WINRT_COMPONENT;VS_WINRT_EXTENSIONS;VS_WINRT_REFERENCES;VS_XAML_TYPE;WILL_FAIL;WIN32_EXECUTABLE;WINDOWS_EXPORT_ALL_SYMBOLS;WORKING_DIRECTORY;WRAP_EXCLUDE;XCODE_ATTRIBUTE_<an-attribute>;XCODE_EMIT_EFFECTIVE_PLATFORM_NAME;XCODE_EXPLICIT_FILE_TYPE;XCODE_EXPLICIT_FILE_TYPE;XCODE_FILE_ATTRIBUTES;XCODE_GENERATE_SCHEME;XCODE_LAST_KNOWN_FILE_TYPE;XCODE_PRODUCT_TYPE;XCODE_SCHEME_ADDRESS_SANITIZER;XCODE_SCHEME_ADDRESS_SANITIZER_USE_AFTER_RETURN;XCODE_SCHEME_ARGUMENTS;XCODE_SCHEME_DEBUG_AS_ROOT;XCODE_SCHEME_DEBUG_DOCUMENT_VERSIONING;XCODE_SCHEME_DISABLE_MAIN_THREAD_CHECKER;XCODE_SCHEME_DYNAMIC_LIBRARY_LOADS;XCODE_SCHEME_DYNAMIC_LINKER_API_USAGE;XCODE_SCHEME_ENVIRONMENT;XCODE_SCHEME_EXECUTABLE;XCODE_SCHEME_GUARD_MALLOC;XCODE_SCHEME_MAIN_THREAD_CHECKER_STOP;XCODE_SCHEME_MALLOC_GUARD_EDGES;XCODE_SCHEME_MALLOC_SCRIBBLE;XCODE_SCHEME_MALLOC_STACK;XCODE_SCHEME_THREAD_SANITIZER;XCODE_SCHEME_THREAD_SANITIZER_STOP;XCODE_SCHEME_UNDEFINED_BEHAVIOUR_SANITIZER;XCODE_SCHEME_UNDEFINED_BEHAVIOUR_SANITIZER_STOP;XCODE_SCHEME_ZOMBIE_OBJECTS;XCTEST;
-- CMAKE_RANLIB=/usr/bin/ranlib
-- CMAKE_RANLIB=/usr/bin/ranlib
-- CMAKE_READELF=/usr/bin/readelf
-- CMAKE_ROOT=/usr/share/cmake-3.16
-- CMAKE_SHARED_LIBRARY_CREATE_CXX_FLAGS=-shared
-- CMAKE_SHARED_LIBRARY_CREATE_C_FLAGS=-shared
-- CMAKE_SHARED_LIBRARY_CXX_FLAGS=-fPIC
-- CMAKE_SHARED_LIBRARY_C_FLAGS=-fPIC
-- CMAKE_SHARED_LIBRARY_LINK_CXX_FLAGS=-rdynamic
-- CMAKE_SHARED_LIBRARY_LINK_C_FLAGS=-rdynamic
-- CMAKE_SHARED_LIBRARY_LINK_DYNAMIC_CXX_FLAGS=-Wl,-Bdynamic
-- CMAKE_SHARED_LIBRARY_LINK_DYNAMIC_C_FLAGS=-Wl,-Bdynamic
-- CMAKE_SHARED_LIBRARY_LINK_STATIC_CXX_FLAGS=-Wl,-Bstatic
-- CMAKE_SHARED_LIBRARY_LINK_STATIC_C_FLAGS=-Wl,-Bstatic
-- CMAKE_SHARED_LIBRARY_PREFIX=lib
-- CMAKE_SHARED_LIBRARY_RPATH_LINK_CXX_FLAG=-Wl,-rpath-link,
-- CMAKE_SHARED_LIBRARY_RPATH_LINK_C_FLAG=-Wl,-rpath-link,
-- CMAKE_SHARED_LIBRARY_RPATH_ORIGIN_TOKEN=$ORIGIN
-- CMAKE_SHARED_LIBRARY_RUNTIME_CXX_FLAG=-Wl,-rpath,
-- CMAKE_SHARED_LIBRARY_RUNTIME_CXX_FLAG_SEP=:
-- CMAKE_SHARED_LIBRARY_RUNTIME_C_FLAG=-Wl,-rpath,
-- CMAKE_SHARED_LIBRARY_RUNTIME_C_FLAG_SEP=:
-- CMAKE_SHARED_LIBRARY_SONAME_CXX_FLAG=-Wl,-soname,
-- CMAKE_SHARED_LIBRARY_SONAME_C_FLAG=-Wl,-soname,
-- CMAKE_SHARED_LIBRARY_SUFFIX=.so
-- CMAKE_SHARED_LINKER_FLAGS=
-- CMAKE_SHARED_LINKER_FLAGS_DEBUG=
-- CMAKE_SHARED_LINKER_FLAGS_INIT=  
-- CMAKE_SHARED_LINKER_FLAGS_MINSIZEREL=
-- CMAKE_SHARED_LINKER_FLAGS_RELEASE=
-- CMAKE_SHARED_LINKER_FLAGS_RELWITHDEBINFO=
-- CMAKE_SHARED_MODULE_CREATE_CXX_FLAGS=-shared
-- CMAKE_SHARED_MODULE_CREATE_C_FLAGS=-shared
-- CMAKE_SHARED_MODULE_CXX_FLAGS=-fPIC
-- CMAKE_SHARED_MODULE_C_FLAGS=-fPIC
-- CMAKE_SHARED_MODULE_LINK_DYNAMIC_CXX_FLAGS=-Wl,-Bdynamic
-- CMAKE_SHARED_MODULE_LINK_DYNAMIC_C_FLAGS=-Wl,-Bdynamic
-- CMAKE_SHARED_MODULE_LINK_STATIC_CXX_FLAGS=-Wl,-Bstatic
-- CMAKE_SHARED_MODULE_LINK_STATIC_C_FLAGS=-Wl,-Bstatic
-- CMAKE_SHARED_MODULE_PREFIX=lib
-- CMAKE_SHARED_MODULE_SUFFIX=.so
-- CMAKE_SIZEOF_VOID_P=8
-- CMAKE_SKIP_INSTALL_RPATH=NO
-- CMAKE_SKIP_RPATH=NO
-- CMAKE_SOURCE_DIR=/home/maciek/git/maciej/cmake-library-example/internal-project
-- CMAKE_STATIC_LIBRARY_PREFIX=lib
-- CMAKE_STATIC_LIBRARY_SUFFIX=.a
-- CMAKE_STATIC_LINKER_FLAGS=
-- CMAKE_STATIC_LINKER_FLAGS_DEBUG=
-- CMAKE_STATIC_LINKER_FLAGS_MINSIZEREL=
-- CMAKE_STATIC_LINKER_FLAGS_RELEASE=
-- CMAKE_STATIC_LINKER_FLAGS_RELWITHDEBINFO=
-- CMAKE_STRIP=/usr/bin/strip
-- CMAKE_SYSTEM=Linux-5.15.0-71-generic
-- CMAKE_SYSTEM_INCLUDE_PATH=/usr/include/X11
-- CMAKE_SYSTEM_INFO_FILE=Platform/Linux
-- CMAKE_SYSTEM_LIBRARY_PATH=/usr/lib/X11
-- CMAKE_SYSTEM_LOADED=1
-- CMAKE_SYSTEM_NAME=Linux
-- CMAKE_SYSTEM_PREFIX_PATH=/usr/local;/usr;/;/usr;/home/maciek/git/maciej/cmake-library-example/install;/usr/X11R6;/usr/pkg;/opt
-- CMAKE_SYSTEM_PROCESSOR=x86_64
-- CMAKE_SYSTEM_SPECIFIC_INFORMATION_LOADED=1
-- CMAKE_SYSTEM_SPECIFIC_INITIALIZE_LOADED=1
-- CMAKE_SYSTEM_VERSION=5.15.0-71-generic
-- CMAKE_TWEAK_VERSION=0
-- CMAKE_UNAME=/usr/bin/uname
-- CMAKE_VERBOSE_MAKEFILE=ON
-- CMAKE_VERSION=3.16.3
-- CXX_TEST_WAS_RUN=1
-- C_TEST_WAS_RUN=1
-- MSVC_CXX_ARCHITECTURE_ID=
-- MSVC_C_ARCHITECTURE_ID=
-- PRESET_CMAKE_SYSTEM_NAME=FALSE
-- PROJECT_BINARY_DIR=/home/maciek/git/maciej/cmake-library-example/internal-project/build/libraries/SomeLibrary
-- PROJECT_DESCRIPTION=Some library
-- PROJECT_HOMEPAGE_URL=
-- PROJECT_NAME=SomeLibrary
-- PROJECT_SOURCE_DIR=/home/maciek/git/maciej/cmake-library-example/internal-project/libraries/SomeLibrary
-- PROJECT_VERSION=0.9.1
-- PROJECT_VERSION_MAJOR=0
-- PROJECT_VERSION_MINOR=9
-- PROJECT_VERSION_PATCH=1
-- PROJECT_VERSION_TWEAK=
-- RUN_CONFIGURE=ON
-- SomeLibrary_BINARY_DIR=/home/maciek/git/maciej/cmake-library-example/internal-project/build/libraries/SomeLibrary
-- SomeLibrary_DESCRIPTION=Some library
-- SomeLibrary_HOMEPAGE_URL=
-- SomeLibrary_SOURCE_DIR=/home/maciek/git/maciej/cmake-library-example/internal-project/libraries/SomeLibrary
-- SomeLibrary_VERSION=0.9.1
-- SomeLibrary_VERSION_MAJOR=0
-- SomeLibrary_VERSION_MINOR=9
-- SomeLibrary_VERSION_PATCH=1
-- SomeLibrary_VERSION_TWEAK=
-- UNIX=1
-- _CMAKE_CUDA_IMPLICIT_INCLUDE_DIRECTORIES_INIT=/usr/include
-- _CMAKE_CXX_IMPLICIT_INCLUDE_DIRECTORIES_INIT=/usr/include
-- _CMAKE_CXX_IPO_MAY_BE_SUPPORTED_BY_COMPILER=YES
-- _CMAKE_CXX_IPO_SUPPORTED_BY_CMAKE=YES
-- _CMAKE_CXX_PIE_MAY_BE_SUPPORTED_BY_LINKER=YES
-- _CMAKE_C_IMPLICIT_INCLUDE_DIRECTORIES_INIT=/usr/include
-- _CMAKE_C_IPO_MAY_BE_SUPPORTED_BY_COMPILER=YES
-- _CMAKE_C_IPO_SUPPORTED_BY_CMAKE=YES
-- _CMAKE_C_PIE_MAY_BE_SUPPORTED_BY_LINKER=YES
-- _CMAKE_INSTALL_DIR=/usr
-- _CMAKE_TOOLCHAIN_LOCATION=/usr/bin
-- _GNUInstallDirs_LAST_CMAKE_INSTALL_PREFIX=/home/maciek/git/maciej/cmake-library-example/install
-- _INCLUDED_FILE=/usr/share/cmake-3.16/Modules/Platform/Linux-GNU-CXX.cmake
-- _INCLUDED_SYSTEM_INFO_FILE=/usr/share/cmake-3.16/Modules/Platform/Linux.cmake
-- _IN_TC=0
-- _LIBDIR_DEFAULT=lib
-- _SET_CMAKE_CXX_COMPILER_ARCHITECTURE_ID=
-- _SET_CMAKE_C_COMPILER_ARCHITECTURE_ID=
-- __COMPILER_CMAKE_COMMON_COMPILER_MACROS=1
-- __COMPILER_GNU=1
-- __LINUX_COMPILER_GNU=1
-- __UNIX_PATHS_INCLUDED=1
-- __gcc_hints=/usr/bin
-- __lto_flags=-flto;-fno-fat-lto-objects
-- __pch_header_C=c-header
-- __pch_header_CXX=c++-header
-- __pch_header_OBJC=objective-c-header
-- __pch_header_OBJCXX=objective-c++-header
-- __version_x=9
-- __version_x_y=9.4
-- dir=
-- extension=
-- f=
-- l=
-- lang=
-- namespace=some
-- public_headers=include/some.h
-- some-application_BINARY_DIR=/home/maciek/git/maciej/cmake-library-example/internal-project/build
-- some-application_DESCRIPTION=A project with nested library
-- some-application_HOMEPAGE_URL=
-- some-application_SOURCE_DIR=/home/maciek/git/maciej/cmake-library-example/internal-project
-- some-application_VERSION=0.9.1
-- some-application_VERSION_MAJOR=0
-- some-application_VERSION_MINOR=9
-- some-application_VERSION_PATCH=1
-- some-application_VERSION_TWEAK=
-- type=
-- val=0
-- var=
-- #################### Target Properties START ####################
-- #################### Target Properties END ####################
-- Configuring done
-- Generating done
-- Build files have been written to: /home/maciek/git/maciej/cmake-library-example/internal-project/build
